#
# A fatal error has been detected by the Java Runtime Environment:
#
#  SIGSEGV (0xb) at pc=0x00007f2aba66c401, pid=19740, tid=19758
#
# JRE version: OpenJDK Runtime Environment (11.0.6+10) (build 11.0.6+10-post-Ubuntu-1ubuntu118.04.1)
# Java VM: OpenJDK 64-Bit Server VM (11.0.6+10-post-Ubuntu-1ubuntu118.04.1, mixed mode, sharing, tiered, compressed oops, g1 gc, linux-amd64)
# Problematic frame:
# C  [libjimage.so+0x2401]
#
# Core dump will be written. Default location: Core dumps may be processed with "/usr/share/apport/apport %p %s %c %d %P %E" (or dumping to /home/carlos/workspaces/guerreros-timetracker/guerreros-timetracker-api/core.19740)
#
# If you would like to submit a bug report, please visit:
#   https://bugs.launchpad.net/ubuntu/+source/openjdk-lts
#

---------------  S U M M A R Y ------------

Command Line: -agentlib:jdwp=transport=dt_socket,suspend=y,address=localhost:45787 -javaagent:/home/carlos/ide/sts-4.6.2.RELEASE/configuration/org.eclipse.osgi/239/0/.cp/lib/javaagent-shaded.jar -Dfile.encoding=UTF-8 com.guerrerodev.timetracker.api.ApiApplication

Host: AMD E1-1500 APU with Radeon(tm) HD Graphics, 2 cores, 3G, Ubuntu 18.04.4 LTS
Time: Fri Jul 24 00:08:31 2020 -05 elapsed time: 410 seconds (0d 0h 6m 50s)

---------------  T H R E A D  ---------------

Current thread (0x00007f2ab4120800):  JavaThread "Signal Dispatcher" daemon [_thread_in_vm, id=19758, stack(0x00007f2a8d2f0000,0x00007f2a8d3f1000)]

Stack: [0x00007f2a8d2f0000,0x00007f2a8d3f1000],  sp=0x00007f2a8d3ee140,  free space=1016k
Native frames: (J=compiled Java code, A=aot compiled Java code, j=interpreted, Vv=VM code, C=native code)
C  [libjimage.so+0x2401]
C  [libjimage.so+0x30ea]
C  [libjimage.so+0x35c6]  JIMAGE_FindResource+0xd6
V  [libjvm.so+0x59098e]
V  [libjvm.so+0x5936f0]
V  [libjvm.so+0xd49c05]
V  [libjvm.so+0xd4759a]
V  [libjvm.so+0xd4a192]
V  [libjvm.so+0x644c4d]
V  [libjvm.so+0x839b0c]
j  jdk.internal.misc.Signal.dispatch(I)V+25 java.base@11.0.6
v  ~StubRoutines::call_stub
V  [libjvm.so+0x8493b9]
V  [libjvm.so+0x8481a5]
V  [libjvm.so+0xbbdaac]
V  [libjvm.so+0xd83203]
V  [libjvm.so+0xd834d5]
V  [libjvm.so+0xd7f20a]
V  [libjvm.so+0xbcf1fe]

Java frames: (J=compiled Java code, j=interpreted, Vv=VM code)
j  jdk.internal.misc.Signal.dispatch(I)V+25 java.base@11.0.6
v  ~StubRoutines::call_stub

siginfo: si_signo: 11 (SIGSEGV), si_code: 1 (SEGV_MAPERR), si_addr: 0x00007f2aab91bdf8

Register to memory mapping:

RAX=0x0000000000002f77 is an unknown value
RBX=0x00007f2a8d3ee1f1 is pointing into the stack for thread: 0x00007f2ab4120800
RCX=0x00007f2aab91001c is an unknown value
RDX=0x0000000000002f77 is an unknown value
RSP=0x00007f2a8d3ee140 is pointing into the stack for thread: 0x00007f2ab4120800
RBP=0x00007f2a8d3ee160 is pointing into the stack for thread: 0x00007f2ab4120800
RSI=0x00007f2a8d3ee1f0 is pointing into the stack for thread: 0x00007f2ab4120800
RDI=0x00007f2aba86f130: <offset 0x0000000000205130> in /usr/lib/jvm/java-11-openjdk-amd64/lib/libjimage.so at 0x00007f2aba66a000
R8 =0x0 is NULL
R9 =0x0000000076100fa4 is an unknown value
R10=0x00007f2a8d3ee213 is pointing into the stack for thread: 0x00007f2ab4120800
R11=0x6c616e6769532f63 is an unknown value
R12=0x00007f2a8d3ee1f0 is pointing into the stack for thread: 0x00007f2ab4120800
R13=0x00000000000083a0 is an unknown value
R14=0x00007f2a8d3ef288 is pointing into the stack for thread: 0x00007f2ab4120800
R15=0x00007f2ab4120d70 points into unknown readable memory: 6a 64 6b 2f 69 6e 74 65


Registers:
RAX=0x0000000000002f77, RBX=0x00007f2a8d3ee1f1, RCX=0x00007f2aab91001c, RDX=0x0000000000002f77
RSP=0x00007f2a8d3ee140, RBP=0x00007f2a8d3ee160, RSI=0x00007f2a8d3ee1f0, RDI=0x00007f2aba86f130
R8 =0x0000000000000000, R9 =0x0000000076100fa4, R10=0x00007f2a8d3ee213, R11=0x6c616e6769532f63
R12=0x00007f2a8d3ee1f0, R13=0x00000000000083a0, R14=0x00007f2a8d3ef288, R15=0x00007f2ab4120d70
RIP=0x00007f2aba66c401, EFLAGS=0x0000000000010212, CSGSFS=0x002b000000000033, ERR=0x0000000000000004
  TRAPNO=0x000000000000000e

Top of Stack: (sp=0x00007f2a8d3ee140)
0x00007f2a8d3ee140:   0000000000000000 00007f2ab40250d0
0x00007f2a8d3ee150:   0000000000000000 00007f2a8d3ee1f0
0x00007f2a8d3ee160:   00007f2a8d3ee1d0 00007f2aba66d0ea
0x00007f2a8d3ee170:   ffffffffffffffff 0000000100000000 

Instructions: (pc=0x00007f2aba66c401)
0x00007f2aba66c301:   c5 4c 01 e3 48 89 ce e8 d3 f3 ff ff e9 69 fd ff
0x00007f2aba66c311:   ff 89 d1 0f b7 74 08 fe 66 41 89 74 0e fe e9 7a
0x00007f2aba66c321:   fe ff ff 0f 1f 40 00 8b 08 49 8d 1c 16 41 89 0e
0x00007f2aba66c331:   89 d1 8b 74 08 fc 41 89 74 0e fc 48 8d 34 10 48
0x00007f2aba66c341:   89 75 b8 e9 0b fe ff ff 0f 1f 80 00 00 00 00 0f
0x00007f2aba66c351:   b6 17 55 89 f0 48 89 e5 84 d2 74 22 48 8d 4f 01
0x00007f2aba66c361:   0f 1f 80 00 00 00 00 48 83 c1 01 0f b6 f2 0f b6
0x00007f2aba66c371:   51 ff 69 c0 93 01 00 01 31 f0 84 d2 75 e9 25 ff
0x00007f2aba66c381:   ff ff 7f 5d c3 66 2e 0f 1f 84 00 00 00 00 00 48
0x00007f2aba66c391:   85 d2 0f 84 dd 00 00 00 85 c9 0f 84 d5 00 00 00
0x00007f2aba66c3a1:   55 48 89 e5 41 55 41 54 53 48 8d 5e 01 48 83 ec
0x00007f2aba66c3b1:   08 44 0f b6 06 45 84 c0 0f 84 a9 00 00 00 49 89
0x00007f2aba66c3c1:   da b8 93 01 00 01 66 0f 1f 84 00 00 00 00 00 49
0x00007f2aba66c3d1:   83 c2 01 44 69 c8 93 01 00 01 41 0f b6 c0 45 0f
0x00007f2aba66c3e1:   b6 42 ff 44 31 c8 45 84 c0 75 e4 25 ff ff ff 7f
0x00007f2aba66c3f1:   41 89 cd 48 89 d1 31 d2 41 f7 f5 49 89 f4 89 d0
0x00007f2aba66c401:   8b 34 81 48 8b 07 ff 50 20 83 f8 00 7e 41 41 0f
0x00007f2aba66c411:   b6 14 24 84 d2 74 1c 0f 1f 84 00 00 00 00 00 69
0x00007f2aba66c421:   c0 93 01 00 01 48 83 c3 01 31 d0 0f b6 